AH00558: apache2: Could not reliably determine the server's fully qualified domain name, using 172.31.3.94. Set the 'ServerName' directive globally to suppress this message
[Mon Nov 11 02:51:28.343585 2019] [mpm_prefork:notice] [pid 1] AH00163: Apache/2.4.38 (Debian) PHP/7.1.33 configured -- resuming normal operations
[Mon Nov 11 02:51:28.344158 2019] [core:notice] [pid 1] AH00094: Command line: 'apache2 -D FOREGROUND'
[Mon Nov 11 03:08:51.653333 2019] [mpm_prefork:notice] [pid 1] AH00170: caught SIGWINCH, shutting down gracefully
AH00558: apache2: Could not reliably determine the server's fully qualified domain name, using 172.31.3.94. Set the 'ServerName' directive globally to suppress this message
[Mon Nov 11 03:24:36.363399 2019] [mpm_prefork:notice] [pid 1] AH00163: Apache/2.4.38 (Debian) PHP/7.1.33 configured -- resuming normal operations
[Mon Nov 11 03:24:36.363866 2019] [core:notice] [pid 1] AH00094: Command line: 'apache2 -D FOREGROUND'
[Mon Nov 11 03:26:48.995810 2019] [mpm_prefork:notice] [pid 1] AH00170: caught SIGWINCH, shutting down gracefully
AH00558: apache2: Could not reliably determine the server's fully qualified domain name, using 172.31.3.94. Set the 'ServerName' directive globally to suppress this message
[Mon Nov 11 03:29:35.750626 2019] [mpm_prefork:notice] [pid 1] AH00163: Apache/2.4.38 (Debian) PHP/7.1.33 configured -- resuming normal operations
[Mon Nov 11 03:29:35.755472 2019] [core:notice] [pid 1] AH00094: Command line: 'apache2 -D FOREGROUND'
[Mon Nov 11 03:43:07.513134 2019] [mpm_prefork:notice] [pid 1] AH00170: caught SIGWINCH, shutting down gracefully
AH00558: apache2: Could not reliably determine the server's fully qualified domain name, using 172.31.3.94. Set the 'ServerName' directive globally to suppress this message
[Mon Nov 11 07:09:51.022190 2019] [mpm_prefork:notice] [pid 1] AH00163: Apache/2.4.38 (Debian) PHP/7.1.33 configured -- resuming normal operations
[Mon Nov 11 07:09:51.048901 2019] [core:notice] [pid 1] AH00094: Command line: 'apache2 -D FOREGROUND'
[Mon Nov 11 07:54:40.409610 2019] [mpm_prefork:notice] [pid 1] AH00169: caught SIGTERM, shutting down
AH00558: apache2: Could not reliably determine the server's fully qualified domain name, using 172.31.3.94. Set the 'ServerName' directive globally to suppress this message
[Mon Nov 11 08:06:03.142931 2019] [mpm_prefork:notice] [pid 1] AH00163: Apache/2.4.38 (Debian) PHP/7.1.33 configured -- resuming normal operations
[Mon Nov 11 08:06:03.151182 2019] [core:notice] [pid 1] AH00094: Command line: 'apache2 -D FOREGROUND'
[Mon Nov 11 08:09:13.330238 2019] [mpm_prefork:notice] [pid 1] AH00170: caught SIGWINCH, shutting down gracefully
AH00558: apache2: Could not reliably determine the server's fully qualified domain name, using 172.31.3.94. Set the 'ServerName' directive globally to suppress this message
[Mon Nov 11 08:12:38.923000 2019] [mpm_prefork:notice] [pid 1] AH00163: Apache/2.4.38 (Debian) PHP/7.1.33 configured -- resuming normal operations
[Mon Nov 11 08:12:38.929960 2019] [core:notice] [pid 1] AH00094: Command line: 'apache2 -D FOREGROUND'
[Mon Nov 11 08:14:30.155408 2019] [mpm_prefork:notice] [pid 1] AH00170: caught SIGWINCH, shutting down gracefully
AH00558: apache2: Could not reliably determine the server's fully qualified domain name, using 172.31.3.94. Set the 'ServerName' directive globally to suppress this message
[Mon Nov 11 08:40:47.895979 2019] [mpm_prefork:notice] [pid 1] AH00163: Apache/2.4.38 (Debian) PHP/7.1.33 configured -- resuming normal operations
[Mon Nov 11 08:40:47.897471 2019] [core:notice] [pid 1] AH00094: Command line: 'apache2 -D FOREGROUND'
[Mon Nov 11 08:52:06.790748 2019] [mpm_prefork:notice] [pid 1] AH00169: caught SIGTERM, shutting down
AH00558: apache2: Could not reliably determine the server's fully qualified domain name, using 172.31.3.94. Set the 'ServerName' directive globally to suppress this message
[Mon Nov 11 08:53:00.450134 2019] [mpm_prefork:notice] [pid 1] AH00163: Apache/2.4.38 (Debian) PHP/7.1.33 configured -- resuming normal operations
[Mon Nov 11 08:53:00.450673 2019] [core:notice] [pid 1] AH00094: Command line: 'apache2 -D FOREGROUND'
[Mon Nov 11 08:56:21.896972 2019] [mpm_prefork:notice] [pid 1] AH00170: caught SIGWINCH, shutting down gracefully
AH00558: apache2: Could not reliably determine the server's fully qualified domain name, using 172.31.3.94. Set the 'ServerName' directive globally to suppress this message
[Mon Nov 11 08:59:23.708213 2019] [mpm_prefork:notice] [pid 1] AH00163: Apache/2.4.38 (Debian) PHP/7.1.33 configured -- resuming normal operations
[Mon Nov 11 08:59:23.708623 2019] [core:notice] [pid 1] AH00094: Command line: 'apache2 -D FOREGROUND'
[Mon Nov 11 09:01:44.885255 2019] [mpm_prefork:notice] [pid 1] AH00170: caught SIGWINCH, shutting down gracefully
AH00558: apache2: Could not reliably determine the server's fully qualified domain name, using 172.31.3.94. Set the 'ServerName' directive globally to suppress this message
[Mon Nov 11 09:04:30.642881 2019] [mpm_prefork:notice] [pid 1] AH00163: Apache/2.4.38 (Debian) PHP/7.1.33 configured -- resuming normal operations
[Mon Nov 11 09:04:30.644774 2019] [core:notice] [pid 1] AH00094: Command line: 'apache2 -D FOREGROUND'
[Mon Nov 11 09:10:14.702724 2019] [mpm_prefork:notice] [pid 1] AH00170: caught SIGWINCH, shutting down gracefully
AH00558: apache2: Could not reliably determine the server's fully qualified domain name, using 172.31.3.94. Set the 'ServerName' directive globally to suppress this message
[Mon Nov 11 09:12:59.776934 2019] [mpm_prefork:notice] [pid 1] AH00163: Apache/2.4.38 (Debian) PHP/7.1.33 configured -- resuming normal operations
[Mon Nov 11 09:12:59.777597 2019] [core:notice] [pid 1] AH00094: Command line: 'apache2 -D FOREGROUND'
[Mon Nov 11 09:42:33.707835 2019] [mpm_prefork:notice] [pid 1] AH00170: caught SIGWINCH, shutting down gracefully
AH00558: apache2: Could not reliably determine the server's fully qualified domain name, using 172.31.3.94. Set the 'ServerName' directive globally to suppress this message
[Mon Nov 11 09:42:42.634611 2019] [mpm_prefork:notice] [pid 1] AH00163: Apache/2.4.38 (Debian) PHP/7.1.33 configured -- resuming normal operations
[Mon Nov 11 09:42:42.635093 2019] [core:notice] [pid 1] AH00094: Command line: 'apache2 -D FOREGROUND'
